<?xml version="1.0" encoding="UTF-8"?>
<testng-results ignored="0" total="1" passed="1" failed="0" skipped="0">
  <reporter-output>
  </reporter-output>
  <suite started-at="2023-10-30T22:11:58 EDT" name="Default suite" finished-at="2023-10-30T22:11:59 EDT" duration-ms="1616">
    <groups>
    </groups>
    <test started-at="2023-10-30T22:11:58 EDT" name="Default test" finished-at="2023-10-30T22:11:59 EDT" duration-ms="1616">
      <class name="Restassuredtest.PUTmethodTest">
        <test-method signature="f()[pri:0, instance:Restassuredtest.PUTmethodTest@175c2241]" started-at="2023-10-30T22:11:58 EDT" name="f" finished-at="2023-10-30T22:11:59 EDT" duration-ms="1578" status="PASS">
          <reporter-output>
          </reporter-output>
        </test-method> <!-- f -->
      </class> <!-- Restassuredtest.PUTmethodTest -->
    </test> <!-- Default test -->
  </suite> <!-- Default suite -->
</testng-results>
